<?xml version="1.0" encoding="UTF-8"?>
<!-- Generated by org.testng.reporters.JUnitReportReporter -->
<testsuite hostname="SGSLP062" failures="0" tests="1" name="com.steepgraph.ta.framework.App" time="15.044" errors="0" timestamp="2024-08-29T14:14:42 IST" skipped="0">
  <testcase classname="com.steepgraph.ta.framework.App" name="main" time="15.044"/>
  <system-out>
    <![CDATA[
Suite: TestPlan, Test Case: ClickElement, Status: Pass]]>
  </system-out>
</testsuite> <!-- com.steepgraph.ta.framework.App -->
